<?xml version="1.0" encoding="UTF-8"?>
<!-- Generated by org.testng.reporters.JUnitXMLReporter -->
<testsuite ignored="0" hostname="Ideas2IT" failures="6" tests="9" name="OneMG" time="1455.534" errors="0" timestamp="26 Oct 2023 16:14:50 GMT">
  <testcase classname="com.leaftaps.testcases.OneMg_CommonTests" name="runTests" time="79.561">
    <failure type="java.lang.RuntimeException" message="Test aborted">
      <![CDATA[java.lang.RuntimeException: Test aborted
	at com.leaftaps.pages.OneMG_MainPage.getAll_Alternatives_Of_Molecule_StoreInMap(OneMG_MainPage.java:64)
	at com.leaftaps.testcases.OneMg_CommonTests.runTests(OneMg_CommonTests.java:25)
	at java.base/java.util.concurrent.FutureTask.run(FutureTask.java:264)
	at java.base/java.util.concurrent.Executors$RunnableAdapter.call(Executors.java:515)
	at java.base/java.util.concurrent.FutureTask.run(FutureTask.java:264)
	at java.base/java.util.concurrent.ThreadPoolExecutor.runWorker(ThreadPoolExecutor.java:1128)
	at java.base/java.util.concurrent.ThreadPoolExecutor$Worker.run(ThreadPoolExecutor.java:628)
	at java.base/java.lang.Thread.run(Thread.java:834)
... Removed 9 stack frames]]>
    </failure>
  </testcase> <!-- runTests -->
  <testcase classname="com.leaftaps.testcases.OneMg_CommonTests" name="runTests" time="88.524">
    <failure type="java.lang.RuntimeException" message="Test aborted">
      <![CDATA[java.lang.RuntimeException: Test aborted
	at com.leaftaps.pages.OneMG_MainPage.getAll_Alternatives_Of_Molecule_StoreInMap(OneMG_MainPage.java:64)
	at com.leaftaps.testcases.OneMg_CommonTests.runTests(OneMg_CommonTests.java:25)
	at java.base/java.util.concurrent.FutureTask.run(FutureTask.java:264)
	at java.base/java.util.concurrent.Executors$RunnableAdapter.call(Executors.java:515)
	at java.base/java.util.concurrent.FutureTask.run(FutureTask.java:264)
	at java.base/java.util.concurrent.ThreadPoolExecutor.runWorker(ThreadPoolExecutor.java:1128)
	at java.base/java.util.concurrent.ThreadPoolExecutor$Worker.run(ThreadPoolExecutor.java:628)
	at java.base/java.lang.Thread.run(Thread.java:834)
... Removed 9 stack frames]]>
    </failure>
  </testcase> <!-- runTests -->
  <testcase classname="com.leaftaps.testcases.OneMg_CommonTests" name="runTests" time="94.692">
    <failure type="java.lang.RuntimeException" message="Test aborted">
      <![CDATA[java.lang.RuntimeException: Test aborted
	at com.leaftaps.pages.OneMG_MainPage.getAll_Alternatives_Of_Molecule_StoreInMap(OneMG_MainPage.java:64)
	at com.leaftaps.testcases.OneMg_CommonTests.runTests(OneMg_CommonTests.java:25)
	at java.base/java.util.concurrent.FutureTask.run(FutureTask.java:264)
	at java.base/java.util.concurrent.Executors$RunnableAdapter.call(Executors.java:515)
	at java.base/java.util.concurrent.FutureTask.run(FutureTask.java:264)
	at java.base/java.util.concurrent.ThreadPoolExecutor.runWorker(ThreadPoolExecutor.java:1128)
	at java.base/java.util.concurrent.ThreadPoolExecutor$Worker.run(ThreadPoolExecutor.java:628)
	at java.base/java.lang.Thread.run(Thread.java:834)
... Removed 9 stack frames]]>
    </failure>
  </testcase> <!-- runTests -->
  <testcase classname="com.leaftaps.testcases.OneMg_CommonTests" name="runTests" time="148.794"/>
  <testcase classname="com.leaftaps.testcases.OneMg_CommonTests" name="runTests" time="77.81">
    <failure type="java.lang.RuntimeException" message="Test aborted">
      <![CDATA[java.lang.RuntimeException: Test aborted
	at com.leaftaps.pages.OneMG_MainPage.getAll_Alternatives_Of_Molecule_StoreInMap(OneMG_MainPage.java:64)
	at com.leaftaps.testcases.OneMg_CommonTests.runTests(OneMg_CommonTests.java:25)
	at java.base/java.util.concurrent.FutureTask.run(FutureTask.java:264)
	at java.base/java.util.concurrent.Executors$RunnableAdapter.call(Executors.java:515)
	at java.base/java.util.concurrent.FutureTask.run(FutureTask.java:264)
	at java.base/java.util.concurrent.ThreadPoolExecutor.runWorker(ThreadPoolExecutor.java:1128)
	at java.base/java.util.concurrent.ThreadPoolExecutor$Worker.run(ThreadPoolExecutor.java:628)
	at java.base/java.lang.Thread.run(Thread.java:834)
... Removed 9 stack frames]]>
    </failure>
  </testcase> <!-- runTests -->
  <testcase classname="com.leaftaps.testcases.OneMg_CommonTests" name="runTests" time="364.919">
    <failure type="java.lang.RuntimeException" message="Test aborted">
      <![CDATA[java.lang.RuntimeException: Test aborted
	at com.leaftaps.pages.OneMG_MainPage.getAll_Alternatives_Of_Molecule_StoreInMap(OneMG_MainPage.java:64)
	at com.leaftaps.testcases.OneMg_CommonTests.runTests(OneMg_CommonTests.java:25)
	at java.base/java.util.concurrent.FutureTask.run(FutureTask.java:264)
	at java.base/java.util.concurrent.Executors$RunnableAdapter.call(Executors.java:515)
	at java.base/java.util.concurrent.FutureTask.run(FutureTask.java:264)
	at java.base/java.util.concurrent.ThreadPoolExecutor.runWorker(ThreadPoolExecutor.java:1128)
	at java.base/java.util.concurrent.ThreadPoolExecutor$Worker.run(ThreadPoolExecutor.java:628)
	at java.base/java.lang.Thread.run(Thread.java:834)
... Removed 9 stack frames]]>
    </failure>
  </testcase> <!-- runTests -->
  <testcase classname="com.leaftaps.testcases.OneMg_CommonTests" name="runTests" time="699.526"/>
  <testcase classname="com.leaftaps.testcases.OneMg_CommonTests" name="runTests" time="1009.746">
    <failure type="java.lang.RuntimeException" message="Test aborted">
      <![CDATA[java.lang.RuntimeException: Test aborted
	at com.leaftaps.pages.OneMG_MainPage.getAll_Alternatives_Of_Molecule_StoreInMap(OneMG_MainPage.java:64)
	at com.leaftaps.testcases.OneMg_CommonTests.runTests(OneMg_CommonTests.java:25)
	at java.base/java.util.concurrent.FutureTask.run(FutureTask.java:264)
	at java.base/java.util.concurrent.Executors$RunnableAdapter.call(Executors.java:515)
	at java.base/java.util.concurrent.FutureTask.run(FutureTask.java:264)
	at java.base/java.util.concurrent.ThreadPoolExecutor.runWorker(ThreadPoolExecutor.java:1128)
	at java.base/java.util.concurrent.ThreadPoolExecutor$Worker.run(ThreadPoolExecutor.java:628)
	at java.base/java.lang.Thread.run(Thread.java:834)
... Removed 9 stack frames]]>
    </failure>
  </testcase> <!-- runTests -->
  <testcase classname="com.leaftaps.testcases.OneMg_CommonTests" name="runTests" time="1333.073"/>
</testsuite> <!-- OneMG -->
