<?xml version="1.0" encoding="UTF-8"?>
<!-- Generated by org.testng.reporters.JUnitXMLReporter -->
<testsuite ignored="0" hostname="Ideas2IT" failures="1" tests="1" name="QueueSize" time="2.463" errors="0" timestamp="15 Oct 2023 14:33:42 GMT">
  <testcase classname="com.graphql.selenium.GetQueueSize" name="scaleUPBasedOnQueue" time="2.425">
    <failure type="com.jcraft.jsch.JSchException" message="java.io.FileNotFoundException: aztldevops_key.pem (The system cannot find the file specified)">
      <![CDATA[com.jcraft.jsch.JSchException: java.io.FileNotFoundException: aztldevops_key.pem (The system cannot find the file specified)
	at com.jcraft.jsch.KeyPair.load(KeyPair.java:543)
	at com.jcraft.jsch.IdentityFile.newInstance(IdentityFile.java:40)
	at com.jcraft.jsch.JSch.addIdentity(JSch.java:406)
	at com.jcraft.jsch.JSch.addIdentity(JSch.java:366)
	at com.graphql.selenium.ScaleUpPods.connect(ScaleUpPods.java:29)
	at com.graphql.selenium.ScaleUpPods.scaleUp(ScaleUpPods.java:38)
	at com.graphql.selenium.GetQueueSize.scaleUPBasedOnQueue(GetQueueSize.java:64)
	at java.base/java.util.concurrent.FutureTask.run(FutureTask.java:264)
	at java.base/java.util.concurrent.ThreadPoolExecutor.runWorker(ThreadPoolExecutor.java:1128)
	at java.base/java.util.concurrent.ThreadPoolExecutor$Worker.run(ThreadPoolExecutor.java:628)
	at java.base/java.lang.Thread.run(Thread.java:834)
Caused by: java.io.FileNotFoundException: aztldevops_key.pem (The system cannot find the file specified)
	at java.base/java.io.FileInputStream.open0(Native Method)
	at java.base/java.io.FileInputStream.open(FileInputStream.java:219)
	at java.base/java.io.FileInputStream.<init>(FileInputStream.java:157)
	at java.base/java.io.FileInputStream.<init>(FileInputStream.java:112)
	at com.jcraft.jsch.Util.fromFile(Util.java:508)
	at com.jcraft.jsch.KeyPair.load(KeyPair.java:540)
	... 26 more
... Removed 16 stack frames]]>
    </failure>
  </testcase> <!-- scaleUPBasedOnQueue -->
</testsuite> <!-- QueueSize -->
