<?xml version="1.0" encoding="UTF-8"?>
<!-- Generated by org.testng.reporters.JUnitReportReporter -->
<testsuite ignored="2" hostname="DESKTOP-2PIKAKN" failures="0" tests="1" name="com.leaftaps.testcases.OneMg_Aceclofenac100MgParacetamol325Mg" time="52.487" errors="1" timestamp="28 Sep 2023 13:57:10 GMT" skipped="0">
  <testcase classname="com.leaftaps.testcases.OneMg_Aceclofenac100MgParacetamol325Mg" name="runTests" time="52.487">
    <error message="Test aborted" type="java.lang.RuntimeException">
      <![CDATA[java.lang.RuntimeException: Test aborted
	at com.leaftaps.pages.OneMG_MainPage.getAll_Alternatives_Of_Molecule_StoreInMap(OneMG_MainPage.java:64)
	at com.leaftaps.testcases.OneMg_Aceclofenac100MgParacetamol325Mg.runTests(OneMg_Aceclofenac100MgParacetamol325Mg.java:28)
	at java.base/jdk.internal.reflect.NativeMethodAccessorImpl.invoke0(Native Method)
	at java.base/jdk.internal.reflect.NativeMethodAccessorImpl.invoke(NativeMethodAccessorImpl.java:64)
	at java.base/jdk.internal.reflect.DelegatingMethodAccessorImpl.invoke(DelegatingMethodAccessorImpl.java:43)
	at java.base/java.lang.reflect.Method.invoke(Method.java:564)
	at org.testng.internal.MethodInvocationHelper.invokeMethod(MethodInvocationHelper.java:104)
	at org.testng.internal.Invoker.invokeMethod(Invoker.java:645)
	at org.testng.internal.Invoker.invokeTestMethod(Invoker.java:851)
	at org.testng.internal.Invoker.invokeTestMethods(Invoker.java:1177)
	at org.testng.internal.TestMethodWorker.invokeTestMethods(TestMethodWorker.java:129)
	at org.testng.internal.TestMethodWorker.run(TestMethodWorker.java:112)
	at java.base/java.util.concurrent.ThreadPoolExecutor.runWorker(ThreadPoolExecutor.java:1130)
	at java.base/java.util.concurrent.ThreadPoolExecutor$Worker.run(ThreadPoolExecutor.java:630)
	at java.base/java.lang.Thread.run(Thread.java:832)
]]>
    </error>
  </testcase> <!-- runTests -->
  <testcase classname="com.framework.utils.ExtentReporter" name="endResult">
    <skipped/>
  </testcase> <!-- endResult -->
  <testcase classname="com.framework.utils.ExtentReporter" name="startReport">
    <skipped/>
  </testcase> <!-- startReport -->
</testsuite> <!-- com.leaftaps.testcases.OneMg_Aceclofenac100MgParacetamol325Mg -->
